#
# There is insufficient memory for the Java Runtime Environment to continue.
# Native memory allocation (malloc) failed to allocate 1048576 bytes. Error detail: AllocateHeap
# Possible reasons:
#   The system is out of physical RAM or swap space
#   This process is running with CompressedOops enabled, and the Java Heap may be blocking the growth of the native heap
# Possible solutions:
#   Reduce memory load on the system
#   Increase physical memory or swap space
#   Check if swap backing store is full
#   Decrease Java heap size (-Xmx/-Xms)
#   Decrease number of Java threads
#   Decrease Java thread stack sizes (-Xss)
#   Set larger code cache with -XX:ReservedCodeCacheSize=
#   JVM is running with Unscaled Compressed Oops mode in which the Java heap is
#     placed in the first 4GB address space. The Java Heap base address is the
#     maximum limit for the native heap growth. Please use -XX:HeapBaseMinAddress
#     to set the Java Heap base and to place the Java Heap above 4GB virtual address.
# This output file may be truncated or incomplete.
#
#  Out of Memory Error (allocation.cpp:44), pid=65832, tid=59552
#
# JRE version: OpenJDK Runtime Environment Temurin-21.0.9+10 (21.0.9+10) (build 21.0.9+10-LTS)
# Java VM: OpenJDK 64-Bit Server VM Temurin-21.0.9+10 (21.0.9+10-LTS, mixed mode, sharing, tiered, compressed oops, compressed class ptrs, parallel gc, windows-amd64)
# No core dump will be written. Minidumps are not enabled by default on client versions of Windows
#

---------------  S U M M A R Y ------------

Command Line: --add-modules=ALL-SYSTEM --add-opens=java.base/java.util=ALL-UNNAMED --add-opens=java.base/java.lang=ALL-UNNAMED --add-opens=java.base/sun.nio.fs=ALL-UNNAMED -Declipse.application=org.eclipse.jdt.ls.core.id1 -Dosgi.bundles.defaultStartLevel=4 -Declipse.product=org.eclipse.jdt.ls.core.product -Djava.import.generatesMetadataFilesAtProjectRoot=false -DDetectVMInstallationsJob.disabled=true -Dfile.encoding=utf8 -XX:+UseParallelGC -XX:GCTimeRatio=4 -XX:AdaptiveSizePolicyWeight=90 -Dsun.zip.disableMemoryMapping=true -Xmx2G -Xms100m -Xlog:disable -javaagent:c:\Users\Acer Nitro 5\.vscode\extensions\redhat.java-1.50.0-win32-x64\lombok\lombok-1.18.39-4050.jar -XX:+HeapDumpOnOutOfMemoryError -XX:HeapDumpPath=c:\Users\Acer Nitro 5\AppData\Roaming\Code\User\workspaceStorage\41038acc8fe6cb380fddf6157652ccd0\redhat.java -Daether.dependencyCollector.impl=bf c:\Users\Acer Nitro 5\.vscode\extensions\redhat.java-1.50.0-win32-x64\server\plugins\org.eclipse.equinox.launcher_1.7.100.v20251111-0406.jar -configuration c:\Users\Acer Nitro 5\AppData\Roaming\Code\User\globalStorage\redhat.java\1.50.0\config_win -data c:\Users\Acer Nitro 5\AppData\Roaming\Code\User\workspaceStorage\41038acc8fe6cb380fddf6157652ccd0\redhat.java\jdt_ws --pipe=\\.\pipe\lsp-1e23474532b6b25de7c6b7cb1fbb50fd-sock

Host: 12th Gen Intel(R) Core(TM) i5-12500H, 16 cores, 15G,  Windows 11 , 64 bit Build 26100 (10.0.26100.7309)
Time: Thu Dec  4 22:18:33 2025 SE Asia Standard Time elapsed time: 5031.200199 seconds (0d 1h 23m 51s)

---------------  T H R E A D  ---------------

Current thread (0x00000284f38b8120):  JavaThread "Attach Listener" daemon [_thread_in_vm, id=59552, stack(0x0000008615d00000,0x0000008615e00000) (1024K)]

Stack: [0x0000008615d00000,0x0000008615e00000]
Native frames: (J=compiled Java code, j=interpreted, Vv=VM code, C=native code)
V  [jvm.dll+0x6d6e29]
V  [jvm.dll+0x8b4b76]
V  [jvm.dll+0x8b712e]
V  [jvm.dll+0x8b7813]
V  [jvm.dll+0x283d86]
V  [jvm.dll+0xc1277]
V  [jvm.dll+0x6d76d9]
V  [jvm.dll+0x133466]
V  [jvm.dll+0x3f7ea6]
V  [jvm.dll+0x85e9ad]
V  [jvm.dll+0x6d565d]
C  [ucrtbase.dll+0x37b0]
C  [KERNEL32.DLL+0x2e8d7]
C  [ntdll.dll+0x8c53c]


---------------  P R O C E S S  ---------------

Threads class SMR info:
_java_thread_list=0x00000284df52b580, length=42, elements={
0x00000284f380d470, 0x00000284fb00d920, 0x00000284fb00e730, 0x00000284f38b76d0,
0x00000284f38b8120, 0x00000284f38ba030, 0x00000284fc505170, 0x00000284f38c2110,
0x00000284f38c81c0, 0x00000284fc750470, 0x00000284fc74fde0, 0x00000284fc74f750,
0x00000284fc750b00, 0x00000284fc751190, 0x00000284fc751eb0, 0x00000284fc752540,
0x00000284fc74f0c0, 0x00000284fc63a1d0, 0x00000284fc639b40, 0x00000284fc63b580,
0x00000284fc63cfc0, 0x00000284fc63dce0, 0x00000284fc63d650, 0x00000284fc63a860,
0x00000284fc63e370, 0x00000284fc63aef0, 0x00000284fc640440, 0x00000284fc63ea00,
0x00000284fc63f090, 0x00000284fc63f720, 0x00000284fc63fdb0, 0x00000284d6f88be0,
0x00000284d6f89270, 0x00000284d6f87830, 0x00000284d6f88550, 0x00000284d6f871a0,
0x00000284d6f8acb0, 0x00000284d6f89900, 0x00000284d6f87ec0, 0x00000284d6f8d410,
0x00000284d7a121f0, 0x00000284d5c30c00
}

Java Threads: ( => current thread )
  0x00000284f380d470 JavaThread "main"                              [_thread_blocked, id=55880, stack(0x0000008615600000,0x0000008615700000) (1024K)]
  0x00000284fb00d920 JavaThread "Reference Handler"          daemon [_thread_blocked, id=58004, stack(0x0000008615a00000,0x0000008615b00000) (1024K)]
  0x00000284fb00e730 JavaThread "Finalizer"                  daemon [_thread_blocked, id=66000, stack(0x0000008615b00000,0x0000008615c00000) (1024K)]
  0x00000284f38b76d0 JavaThread "Signal Dispatcher"          daemon [_thread_blocked, id=48352, stack(0x0000008615c00000,0x0000008615d00000) (1024K)]
=>0x00000284f38b8120 JavaThread "Attach Listener"            daemon [_thread_in_vm, id=59552, stack(0x0000008615d00000,0x0000008615e00000) (1024K)]
  0x00000284f38ba030 JavaThread "Service Thread"             daemon [_thread_blocked, id=64680, stack(0x0000008615e00000,0x0000008615f00000) (1024K)]
  0x00000284fc505170 JavaThread "Monitor Deflation Thread"   daemon [_thread_blocked, id=65696, stack(0x0000008615f00000,0x0000008616000000) (1024K)]
  0x00000284f38c2110 JavaThread "C2 CompilerThread0"         daemon [_thread_blocked, id=63652, stack(0x0000008616000000,0x0000008616100000) (1024K)]
  0x00000284f38c81c0 JavaThread "C1 CompilerThread0"         daemon [_thread_blocked, id=67140, stack(0x0000008616100000,0x0000008616200000) (1024K)]
  0x00000284fc750470 JavaThread "Common-Cleaner"             daemon [_thread_blocked, id=62244, stack(0x0000008616600000,0x0000008616700000) (1024K)]
  0x00000284fc74fde0 JavaThread "Notification Thread"        daemon [_thread_blocked, id=59976, stack(0x0000008616500000,0x0000008616600000) (1024K)]
  0x00000284fc74f750 JavaThread "Active Thread: Equinox Container: 84acb2d0-496a-46a7-83b4-9368962dee48"        [_thread_blocked, id=66260, stack(0x0000008616f00000,0x0000008617000000) (1024K)]
  0x00000284fc750b00 JavaThread "Refresh Thread: Equinox Container: 84acb2d0-496a-46a7-83b4-9368962dee48" daemon [_thread_blocked, id=67012, stack(0x0000008616200000,0x0000008616300000) (1024K)]
  0x00000284fc751190 JavaThread "Framework Event Dispatcher: Equinox Container: 84acb2d0-496a-46a7-83b4-9368962dee48" daemon [_thread_blocked, id=50484, stack(0x0000008616300000,0x0000008616400000) (1024K)]
  0x00000284fc751eb0 JavaThread "Start Level: Equinox Container: 84acb2d0-496a-46a7-83b4-9368962dee48" daemon [_thread_blocked, id=48716, stack(0x0000008616700000,0x0000008616800000) (1024K)]
  0x00000284fc752540 JavaThread "Bundle File Closer"         daemon [_thread_blocked, id=45704, stack(0x0000008617500000,0x0000008617600000) (1024K)]
  0x00000284fc74f0c0 JavaThread "SCR Component Actor"        daemon [_thread_blocked, id=47804, stack(0x0000008617000000,0x0000008617100000) (1024K)]
  0x00000284fc63a1d0 JavaThread "Worker-JM"                         [_thread_blocked, id=47428, stack(0x0000008617900000,0x0000008617a00000) (1024K)]
  0x00000284fc639b40 JavaThread "JNA Cleaner"                daemon [_thread_blocked, id=51708, stack(0x0000008617600000,0x0000008617700000) (1024K)]
  0x00000284fc63b580 JavaThread "Java indexing"              daemon [_thread_blocked, id=17588, stack(0x0000008617f00000,0x0000008618000000) (1024K)]
  0x00000284fc63cfc0 JavaThread "Thread-1"                   daemon [_thread_in_native, id=53424, stack(0x0000008618500000,0x0000008618600000) (1024K)]
  0x00000284fc63dce0 JavaThread "Thread-2"                   daemon [_thread_in_native, id=59812, stack(0x0000008618600000,0x0000008618700000) (1024K)]
  0x00000284fc63d650 JavaThread "Thread-3"                   daemon [_thread_in_native, id=60728, stack(0x0000008618700000,0x0000008618800000) (1024K)]
  0x00000284fc63a860 JavaThread "Thread-4"                   daemon [_thread_in_native, id=55564, stack(0x0000008618800000,0x0000008618900000) (1024K)]
  0x00000284fc63e370 JavaThread "Thread-5"                   daemon [_thread_in_native, id=57860, stack(0x0000008618900000,0x0000008618a00000) (1024K)]
  0x00000284fc63aef0 JavaThread "Thread-6"                   daemon [_thread_in_native, id=53592, stack(0x0000008618a00000,0x0000008618b00000) (1024K)]
  0x00000284fc640440 JavaThread "Thread-7"                   daemon [_thread_in_native, id=56720, stack(0x0000008618b00000,0x0000008618c00000) (1024K)]
  0x00000284fc63ea00 JavaThread "Thread-8"                   daemon [_thread_in_native, id=17808, stack(0x0000008618c00000,0x0000008618d00000) (1024K)]
  0x00000284fc63f090 JavaThread "Thread-9"                   daemon [_thread_in_native, id=65500, stack(0x0000008618d00000,0x0000008618e00000) (1024K)]
  0x00000284fc63f720 JavaThread "Thread-10"                  daemon [_thread_in_native, id=21612, stack(0x0000008618e00000,0x0000008618f00000) (1024K)]
  0x00000284fc63fdb0 JavaThread "Thread-11"                  daemon [_thread_in_native, id=65488, stack(0x0000008618f00000,0x0000008619000000) (1024K)]
  0x00000284d6f88be0 JavaThread "Thread-12"                  daemon [_thread_in_native, id=67284, stack(0x0000008619000000,0x0000008619100000) (1024K)]
  0x00000284d6f89270 JavaThread "Thread-13"                  daemon [_thread_in_native, id=63584, stack(0x0000008619100000,0x0000008619200000) (1024K)]
  0x00000284d6f87830 JavaThread "Thread-14"                  daemon [_thread_in_native, id=2084, stack(0x0000008619200000,0x0000008619300000) (1024K)]
  0x00000284d6f88550 JavaThread "Thread-15"                  daemon [_thread_in_native, id=67060, stack(0x0000008619300000,0x0000008619400000) (1024K)]
  0x00000284d6f871a0 JavaThread "Thread-16"                  daemon [_thread_in_native, id=53220, stack(0x0000008619400000,0x0000008619500000) (1024K)]
  0x00000284d6f8acb0 JavaThread "Thread-17"                  daemon [_thread_in_native, id=17816, stack(0x0000008619500000,0x0000008619600000) (1024K)]
  0x00000284d6f89900 JavaThread "pool-2-thread-1"                   [_thread_blocked, id=10552, stack(0x0000008619700000,0x0000008619800000) (1024K)]
  0x00000284d6f87ec0 JavaThread "WorkspaceEventsHandler"            [_thread_blocked, id=21512, stack(0x0000008619b00000,0x0000008619c00000) (1024K)]
  0x00000284d6f8d410 JavaThread "pool-1-thread-1"                   [_thread_blocked, id=65956, stack(0x0000008619c00000,0x0000008619d00000) (1024K)]
  0x00000284d7a121f0 JavaThread "Worker-5"                          [_thread_blocked, id=60444, stack(0x0000008615300000,0x0000008615400000) (1024K)]
  0x00000284d5c30c00 JavaThread "Worker-8"                          [_thread_blocked, id=72988, stack(0x0000008617d00000,0x0000008617e00000) (1024K)]
Total: 42

Other Threads:
  0x00000284f38b0840 VMThread "VM Thread"                           [id=49736, stack(0x0000008615900000,0x0000008615a00000) (1024K)]
  0x00000284faeeca00 WatcherThread "VM Periodic Task Thread"        [id=49844, stack(0x0000008615800000,0x0000008615900000) (1024K)]
  0x00000284f382d860 WorkerThread "GC Thread#0"                     [id=66012, stack(0x0000008615700000,0x0000008615800000) (1024K)]
  0x00000284fe796110 WorkerThread "GC Thread#1"                     [id=67056, stack(0x0000008616800000,0x0000008616900000) (1024K)]
  0x00000284fe1036f0 WorkerThread "GC Thread#2"                     [id=66548, stack(0x0000008616900000,0x0000008616a00000) (1024K)]
  0x00000284fe103a90 WorkerThread "GC Thread#3"                     [id=66044, stack(0x0000008616a00000,0x0000008616b00000) (1024K)]
  0x00000284fe103e30 WorkerThread "GC Thread#4"                     [id=66364, stack(0x0000008616b00000,0x0000008616c00000) (1024K)]
  0x00000284fe1041d0 WorkerThread "GC Thread#5"                     [id=63760, stack(0x0000008616c00000,0x0000008616d00000) (1024K)]
  0x00000284fe405140 WorkerThread "GC Thread#6"                     [id=63792, stack(0x0000008616d00000,0x0000008616e00000) (1024K)]
  0x00000284fe4037e0 WorkerThread "GC Thread#7"                     [id=65556, stack(0x0000008616400000,0x0000008616500000) (1024K)]
  0x00000284fe403f20 WorkerThread "GC Thread#8"                     [id=65848, stack(0x0000008617200000,0x0000008617300000) (1024K)]
  0x00000284fe4042c0 WorkerThread "GC Thread#9"                     [id=52740, stack(0x0000008617300000,0x0000008617400000) (1024K)]
  0x00000284fe404a00 WorkerThread "GC Thread#10"                    [id=52952, stack(0x0000008617400000,0x0000008617500000) (1024K)]
  0x00000284fe404da0 WorkerThread "GC Thread#11"                    [id=3784, stack(0x0000008617100000,0x0000008617200000) (1024K)]
  0x00000284fec13b40 WorkerThread "GC Thread#12"                    [id=39264, stack(0x0000008617700000,0x0000008617800000) (1024K)]
Total: 15

Threads with active compile tasks:
Total: 0

VM state: not at safepoint (normal execution)

VM Mutex/Monitor currently owned by a thread: None

Heap address: 0x0000000080000000, size: 2048 MB, Compressed Oops mode: 32-bit

CDS archive(s) mapped at: [0x000002848f000000-0x000002848fba0000-0x000002848fba0000), size 12189696, SharedBaseAddress: 0x000002848f000000, ArchiveRelocationMode: 1.
Compressed class space mapped at: 0x0000028490000000-0x00000284d0000000, reserved size: 1073741824
Narrow klass base: 0x000002848f000000, Narrow klass shift: 0, Narrow klass range: 0x100000000

GC Precious Log:
 CardTable entry size: 512
 CPUs: 16 total, 16 available
 Memory: 16088M
 Large Page Support: Disabled
 NUMA Support: Disabled
 Compressed Oops: Enabled (32-bit)
 Alignments: Space 512K, Generation 512K, Heap 2M
 Heap Min Capacity: 100M
 Heap Initial Capacity: 100M
 Heap Max Capacity: 2G
 Pre-touch: Disabled
 Parallel Workers: 13

Heap:
 PSYoungGen      total 6656K, used 1784K [0x00000000d5580000, 0x00000000d5d80000, 0x0000000100000000)
  eden space 4096K, 31% used [0x00000000d5580000,0x00000000d56c6240,0x00000000d5980000)
  from space 2560K, 18% used [0x00000000d5980000,0x00000000d59f8000,0x00000000d5c00000)
  to   space 1536K, 0% used [0x00000000d5c00000,0x00000000d5c00000,0x00000000d5d80000)
 ParOldGen       total 373248K, used 373164K [0x0000000080000000, 0x0000000096c80000, 0x00000000d5580000)
  object space 373248K, 99% used [0x0000000080000000,0x0000000096c6b100,0x0000000096c80000)
 Metaspace       used 74716K, committed 76224K, reserved 1179648K
  class space    used 7661K, committed 8320K, reserved 1048576K

Card table byte_map: [0x00000284f30c0000,0x00000284f34d0000] _byte_map_base: 0x00000284f2cc0000

Marking Bits: (ParMarkBitMap*) 0x00007ffe0aed2460
 Begin Bits: [0x00000284f6a10000, 0x00000284f8a10000)
 End Bits:   [0x00000284f8a10000, 0x00000284faa10000)

Polling page: 0x00000284f15c0000

Metaspace:

Usage:
  Non-class:     65.48 MB used.
      Class:      7.48 MB used.
       Both:     72.97 MB used.

Virtual space:
  Non-class space:      128.00 MB reserved,      66.31 MB ( 52%) committed,  2 nodes.
      Class space:        1.00 GB reserved,       8.12 MB ( <1%) committed,  1 nodes.
             Both:        1.12 GB reserved,      74.44 MB (  6%) committed. 

Chunk freelists:
   Non-Class:  13.04 MB
       Class:  7.88 MB
        Both:  20.92 MB

MaxMetaspaceSize: unlimited
CompressedClassSpaceSize: 1.00 GB
Initial GC threshold: 21.00 MB
Current GC threshold: 98.12 MB
CDS: on
 - commit_granule_bytes: 65536.
 - commit_granule_words: 8192.
 - virtual_space_node_default_size: 8388608.
 - enlarge_chunks_in_place: 1.
 - use_allocation_guard: 0.


Internal statistics:

num_allocs_failed_limit: 15.
num_arena_births: 1370.
num_arena_deaths: 22.
num_vsnodes_births: 3.
num_vsnodes_deaths: 0.
num_space_committed: 1191.
num_space_uncommitted: 0.
num_chunks_returned_to_freelist: 41.
num_chunks_taken_from_freelist: 4799.
num_chunk_merges: 20.
num_chunk_splits: 2907.
num_chunks_enlarged: 1623.
num_inconsistent_stats: 0.

CodeHeap 'non-profiled nmethods': size=119168Kb used=15503Kb max_used=15503Kb free=103664Kb
 bounds [0x0000028487ba0000, 0x0000028488ad0000, 0x000002848f000000]
CodeHeap 'profiled nmethods': size=119104Kb used=41164Kb max_used=41164Kb free=77939Kb
 bounds [0x0000028480000000, 0x0000028482840000, 0x0000028487450000]
CodeHeap 'non-nmethods': size=7488Kb used=1468Kb max_used=3274Kb free=6019Kb
 bounds [0x0000028487450000, 0x00000284877c0000, 0x0000028487ba0000]
CodeCache: size=245760Kb, used=58135Kb, max_used=59941Kb, free=187622Kb
 total_blobs=16850, nmethods=16063, adapters=690, full_count=0
Compilation: enabled, stopped_count=0, restarted_count=0

Compilation events (20 events):
Event: 4249.919 Thread 0x00000284d7944dd0 nmethod 16881 0x0000028488ab4f10 code [0x0000028488ab50a0, 0x0000028488ab5140]
Event: 4249.919 Thread 0x00000284f38c81c0 16882       3       org.eclipse.core.internal.dtree.AbstractDataTree::<init> (5 bytes)
Event: 4249.919 Thread 0x00000284f38c81c0 nmethod 16882 0x000002848282f310 code [0x000002848282f4c0, 0x000002848282f628]
Event: 4249.920 Thread 0x00000284f38c81c0 16883       3       com.google.gson.stream.JsonReader::setStrictness (11 bytes)
Event: 4249.920 Thread 0x00000284d7944dd0 16884       4       org.eclipse.core.internal.dtree.AbstractDataTreeNode::assembleWith (502 bytes)
Event: 4249.920 Thread 0x00000284f38c81c0 nmethod 16883 0x000002848282f710 code [0x000002848282f8c0, 0x000002848282fb48]
Event: 4249.926 Thread 0x00000284f38c2110 16885       4       org.eclipse.jdt.internal.core.ClasspathEntry::rootID (151 bytes)
Event: 4249.936 Thread 0x00000284f38c2110 nmethod 16885 0x0000028488ab5210 code [0x0000028488ab53e0, 0x0000028488ab5968]
Event: 4249.966 Thread 0x00000284f38c2110 16886       4       org.eclipse.core.internal.dtree.AbstractDataTreeNode::size (6 bytes)
Event: 4249.967 Thread 0x00000284f38c2110 nmethod 16886 0x0000028488ab5e10 code [0x0000028488ab5fa0, 0x0000028488ab6040]
Event: 4249.968 Thread 0x00000284d7941e20 nmethod 16877 0x0000028488ab6110 code [0x0000028488ab6a40, 0x0000028488abbcb0]
Event: 4249.979 Thread 0x00000284d7944dd0 nmethod 16884 0x0000028488ac0710 code [0x0000028488ac0a40, 0x0000028488ac2bc0]
Event: 4647.332 Thread 0x00000284f38c81c0 16887   !   3       java.lang.ref.ReferenceQueue::remove (61 bytes)
Event: 4647.334 Thread 0x00000284f38c81c0 nmethod 16887 0x000002848282fc90 code [0x000002848282ff20, 0x0000028482830aa8]
Event: 4647.334 Thread 0x00000284f38c81c0 16888       3       java.lang.ref.ReferenceQueue::remove0 (64 bytes)
Event: 4647.335 Thread 0x00000284f38c81c0 nmethod 16888 0x0000028482830e90 code [0x00000284828310a0, 0x0000028482831520]
Event: 4976.918 Thread 0x00000284f38c81c0 16889       3       java.util.concurrent.locks.AbstractQueuedSynchronizer$ConditionObject::await (202 bytes)
Event: 4976.923 Thread 0x00000284f38c81c0 nmethod 16889 0x0000028482831690 code [0x0000028482831980, 0x00000284828327b0]
Event: 5007.362 Thread 0x00000284f38c81c0 16890       3       java.lang.ref.ReferenceQueue::await (15 bytes)
Event: 5007.362 Thread 0x00000284f38c81c0 nmethod 16890 0x0000028482832d90 code [0x0000028482832f40, 0x00000284828330e0]

GC Heap History (20 events):
Event: 4042.390 GC heap before
{Heap before GC invocations=299 (full 3):
 PSYoungGen      total 2560K, used 2057K [0x00000000d5580000, 0x00000000d5c00000, 0x0000000100000000)
  eden space 1024K, 95% used [0x00000000d5580000,0x00000000d5675478,0x00000000d5680000)
  from space 1536K, 70% used [0x00000000d5680000,0x00000000d578d240,0x00000000d5800000)
  to   space 2560K, 0% used [0x00000000d5980000,0x00000000d5980000,0x00000000d5c00000)
 ParOldGen       total 358400K, used 357926K [0x0000000080000000, 0x0000000095e00000, 0x00000000d5580000)
  object space 358400K, 99% used [0x0000000080000000,0x0000000095d89988,0x0000000095e00000)
 Metaspace       used 74683K, committed 76160K, reserved 1179648K
  class space    used 7661K, committed 8320K, reserved 1048576K
}
Event: 4042.391 GC heap after
{Heap after GC invocations=299 (full 3):
 PSYoungGen      total 3072K, used 1203K [0x00000000d5580000, 0x00000000d5b00000, 0x0000000100000000)
  eden space 1536K, 0% used [0x00000000d5580000,0x00000000d5580000,0x00000000d5700000)
  from space 1536K, 78% used [0x00000000d5980000,0x00000000d5aacc10,0x00000000d5b00000)
  to   space 1536K, 0% used [0x00000000d5800000,0x00000000d5800000,0x00000000d5980000)
 ParOldGen       total 358912K, used 358790K [0x0000000080000000, 0x0000000095e80000, 0x00000000d5580000)
  object space 358912K, 99% used [0x0000000080000000,0x0000000095e61968,0x0000000095e80000)
 Metaspace       used 74683K, committed 76160K, reserved 1179648K
  class space    used 7661K, committed 8320K, reserved 1048576K
}
Event: 4042.399 GC heap before
{Heap before GC invocations=300 (full 3):
 PSYoungGen      total 3072K, used 2739K [0x00000000d5580000, 0x00000000d5b00000, 0x0000000100000000)
  eden space 1536K, 100% used [0x00000000d5580000,0x00000000d5700000,0x00000000d5700000)
  from space 1536K, 78% used [0x00000000d5980000,0x00000000d5aacc10,0x00000000d5b00000)
  to   space 1536K, 0% used [0x00000000d5800000,0x00000000d5800000,0x00000000d5980000)
 ParOldGen       total 358912K, used 358790K [0x0000000080000000, 0x0000000095e80000, 0x00000000d5580000)
  object space 358912K, 99% used [0x0000000080000000,0x0000000095e61968,0x0000000095e80000)
 Metaspace       used 74683K, committed 76160K, reserved 1179648K
  class space    used 7661K, committed 8320K, reserved 1048576K
}
Event: 4042.402 GC heap after
{Heap after GC invocations=300 (full 3):
 PSYoungGen      total 3072K, used 832K [0x00000000d5580000, 0x00000000d5a00000, 0x0000000100000000)
  eden space 2048K, 0% used [0x00000000d5580000,0x00000000d5580000,0x00000000d5780000)
  from space 1024K, 81% used [0x00000000d5800000,0x00000000d58d02c0,0x00000000d5900000)
  to   space 1024K, 0% used [0x00000000d5900000,0x00000000d5900000,0x00000000d5a00000)
 ParOldGen       total 359936K, used 359779K [0x0000000080000000, 0x0000000095f80000, 0x00000000d5580000)
  object space 359936K, 99% used [0x0000000080000000,0x0000000095f58d18,0x0000000095f80000)
 Metaspace       used 74683K, committed 76160K, reserved 1179648K
  class space    used 7661K, committed 8320K, reserved 1048576K
}
Event: 4042.413 GC heap before
{Heap before GC invocations=301 (full 3):
 PSYoungGen      total 3072K, used 2880K [0x00000000d5580000, 0x00000000d5a00000, 0x0000000100000000)
  eden space 2048K, 100% used [0x00000000d5580000,0x00000000d5780000,0x00000000d5780000)
  from space 1024K, 81% used [0x00000000d5800000,0x00000000d58d02c0,0x00000000d5900000)
  to   space 1024K, 0% used [0x00000000d5900000,0x00000000d5900000,0x00000000d5a00000)
 ParOldGen       total 359936K, used 359779K [0x0000000080000000, 0x0000000095f80000, 0x00000000d5580000)
  object space 359936K, 99% used [0x0000000080000000,0x0000000095f58d18,0x0000000095f80000)
 Metaspace       used 74683K, committed 76160K, reserved 1179648K
  class space    used 7661K, committed 8320K, reserved 1048576K
}
Event: 4042.415 GC heap after
{Heap after GC invocations=301 (full 3):
 PSYoungGen      total 3072K, used 640K [0x00000000d5580000, 0x00000000d5a00000, 0x0000000100000000)
  eden space 2048K, 0% used [0x00000000d5580000,0x00000000d5580000,0x00000000d5780000)
  from space 1024K, 62% used [0x00000000d5900000,0x00000000d59a0020,0x00000000d5a00000)
  to   space 1024K, 0% used [0x00000000d5800000,0x00000000d5800000,0x00000000d5900000)
 ParOldGen       total 360448K, used 360384K [0x0000000080000000, 0x0000000096000000, 0x00000000d5580000)
  object space 360448K, 99% used [0x0000000080000000,0x0000000095ff0090,0x0000000096000000)
 Metaspace       used 74683K, committed 76160K, reserved 1179648K
  class space    used 7661K, committed 8320K, reserved 1048576K
}
Event: 4042.417 GC heap before
{Heap before GC invocations=302 (full 3):
 PSYoungGen      total 3072K, used 2688K [0x00000000d5580000, 0x00000000d5a00000, 0x0000000100000000)
  eden space 2048K, 100% used [0x00000000d5580000,0x00000000d5780000,0x00000000d5780000)
  from space 1024K, 62% used [0x00000000d5900000,0x00000000d59a0020,0x00000000d5a00000)
  to   space 1024K, 0% used [0x00000000d5800000,0x00000000d5800000,0x00000000d5900000)
 ParOldGen       total 360448K, used 360384K [0x0000000080000000, 0x0000000096000000, 0x00000000d5580000)
  object space 360448K, 99% used [0x0000000080000000,0x0000000095ff0090,0x0000000096000000)
 Metaspace       used 74683K, committed 76160K, reserved 1179648K
  class space    used 7661K, committed 8320K, reserved 1048576K
}
Event: 4042.421 GC heap after
{Heap after GC invocations=302 (full 3):
 PSYoungGen      total 3584K, used 995K [0x00000000d5580000, 0x00000000d5d00000, 0x0000000100000000)
  eden space 2560K, 0% used [0x00000000d5580000,0x00000000d5580000,0x00000000d5800000)
  from space 1024K, 97% used [0x00000000d5800000,0x00000000d58f8d88,0x00000000d5900000)
  to   space 2560K, 0% used [0x00000000d5a80000,0x00000000d5a80000,0x00000000d5d00000)
 ParOldGen       total 361984K, used 361624K [0x0000000080000000, 0x0000000096180000, 0x00000000d5580000)
  object space 361984K, 99% used [0x0000000080000000,0x0000000096126378,0x0000000096180000)
 Metaspace       used 74683K, committed 76160K, reserved 1179648K
  class space    used 7661K, committed 8320K, reserved 1048576K
}
Event: 4042.426 GC heap before
{Heap before GC invocations=303 (full 3):
 PSYoungGen      total 3584K, used 3555K [0x00000000d5580000, 0x00000000d5d00000, 0x0000000100000000)
  eden space 2560K, 100% used [0x00000000d5580000,0x00000000d5800000,0x00000000d5800000)
  from space 1024K, 97% used [0x00000000d5800000,0x00000000d58f8d88,0x00000000d5900000)
  to   space 2560K, 0% used [0x00000000d5a80000,0x00000000d5a80000,0x00000000d5d00000)
 ParOldGen       total 361984K, used 361624K [0x0000000080000000, 0x0000000096180000, 0x00000000d5580000)
  object space 361984K, 99% used [0x0000000080000000,0x0000000096126378,0x0000000096180000)
 Metaspace       used 74685K, committed 76160K, reserved 1179648K
  class space    used 7661K, committed 8320K, reserved 1048576K
}
Event: 4042.429 GC heap after
{Heap after GC invocations=303 (full 3):
 PSYoungGen      total 5120K, used 2272K [0x00000000d5580000, 0x00000000d5d80000, 0x0000000100000000)
  eden space 2560K, 0% used [0x00000000d5580000,0x00000000d5580000,0x00000000d5800000)
  from space 2560K, 88% used [0x00000000d5a80000,0x00000000d5cb8000,0x00000000d5d00000)
  to   space 2560K, 0% used [0x00000000d5800000,0x00000000d5800000,0x00000000d5a80000)
 ParOldGen       total 363008K, used 362572K [0x0000000080000000, 0x0000000096280000, 0x00000000d5580000)
  object space 363008K, 99% used [0x0000000080000000,0x0000000096213100,0x0000000096280000)
 Metaspace       used 74685K, committed 76160K, reserved 1179648K
  class space    used 7661K, committed 8320K, reserved 1048576K
}
Event: 4042.436 GC heap before
{Heap before GC invocations=304 (full 3):
 PSYoungGen      total 5120K, used 4832K [0x00000000d5580000, 0x00000000d5d80000, 0x0000000100000000)
  eden space 2560K, 100% used [0x00000000d5580000,0x00000000d5800000,0x00000000d5800000)
  from space 2560K, 88% used [0x00000000d5a80000,0x00000000d5cb8000,0x00000000d5d00000)
  to   space 2560K, 0% used [0x00000000d5800000,0x00000000d5800000,0x00000000d5a80000)
 ParOldGen       total 363008K, used 362572K [0x0000000080000000, 0x0000000096280000, 0x00000000d5580000)
  object space 363008K, 99% used [0x0000000080000000,0x0000000096213100,0x0000000096280000)
 Metaspace       used 74685K, committed 76160K, reserved 1179648K
  class space    used 7661K, committed 8320K, reserved 1048576K
}
Event: 4042.442 GC heap after
{Heap after GC invocations=304 (full 3):
 PSYoungGen      total 5120K, used 2560K [0x00000000d5580000, 0x00000000d6280000, 0x0000000100000000)
  eden space 2560K, 0% used [0x00000000d5580000,0x00000000d5580000,0x00000000d5800000)
  from space 2560K, 100% used [0x00000000d5800000,0x00000000d5a80000,0x00000000d5a80000)
  to   space 5120K, 0% used [0x00000000d5d80000,0x00000000d5d80000,0x00000000d6280000)
 ParOldGen       total 365056K, used 364676K [0x0000000080000000, 0x0000000096480000, 0x00000000d5580000)
  object space 365056K, 99% used [0x0000000080000000,0x0000000096421100,0x0000000096480000)
 Metaspace       used 74685K, committed 76160K, reserved 1179648K
  class space    used 7661K, committed 8320K, reserved 1048576K
}
Event: 4042.450 GC heap before
{Heap before GC invocations=305 (full 3):
 PSYoungGen      total 5120K, used 5120K [0x00000000d5580000, 0x00000000d6280000, 0x0000000100000000)
  eden space 2560K, 100% used [0x00000000d5580000,0x00000000d5800000,0x00000000d5800000)
  from space 2560K, 100% used [0x00000000d5800000,0x00000000d5a80000,0x00000000d5a80000)
  to   space 5120K, 0% used [0x00000000d5d80000,0x00000000d5d80000,0x00000000d6280000)
 ParOldGen       total 365056K, used 364676K [0x0000000080000000, 0x0000000096480000, 0x00000000d5580000)
  object space 365056K, 99% used [0x0000000080000000,0x0000000096421100,0x0000000096480000)
 Metaspace       used 74687K, committed 76160K, reserved 1179648K
  class space    used 7661K, committed 8320K, reserved 1048576K
}
Event: 4042.454 GC heap after
{Heap after GC invocations=305 (full 3):
 PSYoungGen      total 5632K, used 2560K [0x00000000d5580000, 0x00000000d6000000, 0x0000000100000000)
  eden space 3072K, 0% used [0x00000000d5580000,0x00000000d5580000,0x00000000d5880000)
  from space 2560K, 100% used [0x00000000d5d80000,0x00000000d6000000,0x00000000d6000000)
  to   space 3584K, 0% used [0x00000000d5900000,0x00000000d5900000,0x00000000d5c80000)
 ParOldGen       total 367616K, used 367132K [0x0000000080000000, 0x0000000096700000, 0x00000000d5580000)
  object space 367616K, 99% used [0x0000000080000000,0x0000000096687100,0x0000000096700000)
 Metaspace       used 74687K, committed 76160K, reserved 1179648K
  class space    used 7661K, committed 8320K, reserved 1048576K
}
Event: 4042.469 GC heap before
{Heap before GC invocations=306 (full 3):
 PSYoungGen      total 5632K, used 5608K [0x00000000d5580000, 0x00000000d6000000, 0x0000000100000000)
  eden space 3072K, 99% used [0x00000000d5580000,0x00000000d587a088,0x00000000d5880000)
  from space 2560K, 100% used [0x00000000d5d80000,0x00000000d6000000,0x00000000d6000000)
  to   space 3584K, 0% used [0x00000000d5900000,0x00000000d5900000,0x00000000d5c80000)
 ParOldGen       total 367616K, used 367132K [0x0000000080000000, 0x0000000096700000, 0x00000000d5580000)
  object space 367616K, 99% used [0x0000000080000000,0x0000000096687100,0x0000000096700000)
 Metaspace       used 74690K, committed 76160K, reserved 1179648K
  class space    used 7661K, committed 8320K, reserved 1048576K
}
Event: 4042.474 GC heap after
{Heap after GC invocations=306 (full 3):
 PSYoungGen      total 5632K, used 2000K [0x00000000d5580000, 0x00000000d5e80000, 0x0000000100000000)
  eden space 3584K, 0% used [0x00000000d5580000,0x00000000d5580000,0x00000000d5900000)
  from space 2048K, 97% used [0x00000000d5900000,0x00000000d5af4000,0x00000000d5b00000)
  to   space 2560K, 0% used [0x00000000d5c00000,0x00000000d5c00000,0x00000000d5e80000)
 ParOldGen       total 369664K, used 369540K [0x0000000080000000, 0x0000000096900000, 0x00000000d5580000)
  object space 369664K, 99% used [0x0000000080000000,0x00000000968e1100,0x0000000096900000)
 Metaspace       used 74690K, committed 76160K, reserved 1179648K
  class space    used 7661K, committed 8320K, reserved 1048576K
}
Event: 4042.488 GC heap before
{Heap before GC invocations=307 (full 3):
 PSYoungGen      total 5632K, used 5584K [0x00000000d5580000, 0x00000000d5e80000, 0x0000000100000000)
  eden space 3584K, 100% used [0x00000000d5580000,0x00000000d5900000,0x00000000d5900000)
  from space 2048K, 97% used [0x00000000d5900000,0x00000000d5af4000,0x00000000d5b00000)
  to   space 2560K, 0% used [0x00000000d5c00000,0x00000000d5c00000,0x00000000d5e80000)
 ParOldGen       total 369664K, used 369540K [0x0000000080000000, 0x0000000096900000, 0x00000000d5580000)
  object space 369664K, 99% used [0x0000000080000000,0x00000000968e1100,0x0000000096900000)
 Metaspace       used 74690K, committed 76160K, reserved 1179648K
  class space    used 7661K, committed 8320K, reserved 1048576K
}
Event: 4042.492 GC heap after
{Heap after GC invocations=307 (full 3):
 PSYoungGen      total 6656K, used 2240K [0x00000000d5580000, 0x00000000d5f00000, 0x0000000100000000)
  eden space 4096K, 0% used [0x00000000d5580000,0x00000000d5580000,0x00000000d5980000)
  from space 2560K, 87% used [0x00000000d5c00000,0x00000000d5e30000,0x00000000d5e80000)
  to   space 2560K, 0% used [0x00000000d5980000,0x00000000d5980000,0x00000000d5c00000)
 ParOldGen       total 371200K, used 371068K [0x0000000080000000, 0x0000000096a80000, 0x00000000d5580000)
  object space 371200K, 99% used [0x0000000080000000,0x0000000096a5f100,0x0000000096a80000)
 Metaspace       used 74690K, committed 76160K, reserved 1179648K
  class space    used 7661K, committed 8320K, reserved 1048576K
}
Event: 4249.953 GC heap before
{Heap before GC invocations=308 (full 3):
 PSYoungGen      total 6656K, used 6336K [0x00000000d5580000, 0x00000000d5f00000, 0x0000000100000000)
  eden space 4096K, 100% used [0x00000000d5580000,0x00000000d5980000,0x00000000d5980000)
  from space 2560K, 87% used [0x00000000d5c00000,0x00000000d5e30000,0x00000000d5e80000)
  to   space 2560K, 0% used [0x00000000d5980000,0x00000000d5980000,0x00000000d5c00000)
 ParOldGen       total 371200K, used 371068K [0x0000000080000000, 0x0000000096a80000, 0x00000000d5580000)
  object space 371200K, 99% used [0x0000000080000000,0x0000000096a5f100,0x0000000096a80000)
 Metaspace       used 74713K, committed 76224K, reserved 1179648K
  class space    used 7661K, committed 8320K, reserved 1048576K
}
Event: 4249.956 GC heap after
{Heap after GC invocations=308 (full 3):
 PSYoungGen      total 6656K, used 480K [0x00000000d5580000, 0x00000000d5d80000, 0x0000000100000000)
  eden space 4096K, 0% used [0x00000000d5580000,0x00000000d5580000,0x00000000d5980000)
  from space 2560K, 18% used [0x00000000d5980000,0x00000000d59f8000,0x00000000d5c00000)
  to   space 1536K, 0% used [0x00000000d5c00000,0x00000000d5c00000,0x00000000d5d80000)
 ParOldGen       total 373248K, used 373164K [0x0000000080000000, 0x0000000096c80000, 0x00000000d5580000)
  object space 373248K, 99% used [0x0000000080000000,0x0000000096c6b100,0x0000000096c80000)
 Metaspace       used 74713K, committed 76224K, reserved 1179648K
  class space    used 7661K, committed 8320K, reserved 1048576K
}

Dll operation events (12 events):
Event: 0.008 Loaded shared library c:\Users\Acer Nitro 5\.vscode\extensions\redhat.java-1.50.0-win32-x64\jre\21.0.9-win32-x86_64\bin\java.dll
Event: 0.095 Loaded shared library c:\Users\Acer Nitro 5\.vscode\extensions\redhat.java-1.50.0-win32-x64\jre\21.0.9-win32-x86_64\bin\zip.dll
Event: 0.112 Loaded shared library C:\Users\Acer Nitro 5\.vscode\extensions\redhat.java-1.50.0-win32-x64\jre\21.0.9-win32-x86_64\bin\instrument.dll
Event: 0.162 Loaded shared library C:\Users\Acer Nitro 5\.vscode\extensions\redhat.java-1.50.0-win32-x64\jre\21.0.9-win32-x86_64\bin\net.dll
Event: 0.234 Loaded shared library C:\Users\Acer Nitro 5\.vscode\extensions\redhat.java-1.50.0-win32-x64\jre\21.0.9-win32-x86_64\bin\nio.dll
Event: 0.236 Loaded shared library C:\Users\Acer Nitro 5\.vscode\extensions\redhat.java-1.50.0-win32-x64\jre\21.0.9-win32-x86_64\bin\zip.dll
Event: 0.255 Loaded shared library C:\Users\Acer Nitro 5\.vscode\extensions\redhat.java-1.50.0-win32-x64\jre\21.0.9-win32-x86_64\bin\jimage.dll
Event: 0.363 Loaded shared library c:\Users\Acer Nitro 5\.vscode\extensions\redhat.java-1.50.0-win32-x64\jre\21.0.9-win32-x86_64\bin\verify.dll
Event: 9.781 Loaded shared library C:\Users\Acer Nitro 5\AppData\Roaming\Code\User\globalStorage\redhat.java\1.50.0\config_win\org.eclipse.equinox.launcher\org.eclipse.equinox.launcher.win32.win32.x86_64_1.2.1400.v20250801-0854\eclipse_11916.dll
Event: 23.732 Loaded shared library C:\Users\Acer Nitro 5\AppData\Local\Temp\jna--1005597222\jna7032230887916096757.dll
Event: 25.581 Loaded shared library C:\Users\Acer Nitro 5\.vscode\extensions\redhat.java-1.50.0-win32-x64\jre\21.0.9-win32-x86_64\bin\sunmscapi.dll
Event: 26.037 Loaded shared library C:\Users\Acer Nitro 5\.vscode\extensions\redhat.java-1.50.0-win32-x64\jre\21.0.9-win32-x86_64\bin\extnet.dll

Deoptimization events (20 events):
Event: 3960.867 Thread 0x00000284d6f87ec0 DEOPT PACKING pc=0x0000028481bb249e sp=0x0000008619bfb200
Event: 3960.867 Thread 0x00000284d6f87ec0 DEOPT UNPACKING pc=0x00000284874a4242 sp=0x0000008619bfa6e0 mode 0
Event: 4042.395 Thread 0x00000284d7a14950 Uncommon trap: trap_request=0xffffff6e fr.pc=0x0000028488a80608 relative=0x0000000000000148
Event: 4042.395 Thread 0x00000284d7a14950 Uncommon trap: reason=loop_limit_check action=maybe_recompile pc=0x0000028488a80608 method=org.eclipse.jdt.internal.compiler.lookup.BinaryTypeBinding.createMethods([Lorg/eclipse/jdt/internal/compiler/env/IBinaryMethod;Lorg/eclipse/jdt/internal/compiler/en
Event: 4042.395 Thread 0x00000284d7a14950 DEOPT PACKING pc=0x0000028488a80608 sp=0x00000086184fdd30
Event: 4042.395 Thread 0x00000284d7a14950 DEOPT UNPACKING pc=0x00000284874a3aa2 sp=0x00000086184fdca8 mode 2
Event: 4042.404 Thread 0x00000284d7a14950 Uncommon trap: trap_request=0xffffffde fr.pc=0x00000284888fc3f0 relative=0x0000000000002ab0
Event: 4042.404 Thread 0x00000284d7a14950 Uncommon trap: reason=class_check action=maybe_recompile pc=0x00000284888fc3f0 method=org.eclipse.jdt.internal.compiler.lookup.Scope.getTypeOrPackage([CIZ)Lorg/eclipse/jdt/internal/compiler/lookup/Binding; @ 1152 c2
Event: 4042.404 Thread 0x00000284d7a14950 DEOPT PACKING pc=0x00000284888fc3f0 sp=0x00000086184fdfe0
Event: 4042.404 Thread 0x00000284d7a14950 DEOPT UNPACKING pc=0x00000284874a3aa2 sp=0x00000086184fdfa8 mode 2
Event: 4042.409 Thread 0x00000284d7a14950 Uncommon trap: trap_request=0xffffff45 fr.pc=0x00000284889e444c relative=0x00000000000015ec
Event: 4042.409 Thread 0x00000284d7a14950 Uncommon trap: reason=unstable_if action=reinterpret pc=0x00000284889e444c method=org.eclipse.jdt.internal.compiler.lookup.TypeSystem.getWildcard(Lorg/eclipse/jdt/internal/compiler/lookup/ReferenceBinding;ILorg/eclipse/jdt/internal/compiler/lookup/TypeBin
Event: 4042.409 Thread 0x00000284d7a14950 DEOPT PACKING pc=0x00000284889e444c sp=0x00000086184fcc30
Event: 4042.409 Thread 0x00000284d7a14950 DEOPT UNPACKING pc=0x00000284874a3aa2 sp=0x00000086184fcba8 mode 2
Event: 4042.525 Thread 0x00000284fc63b580 DEOPT PACKING pc=0x0000028481ef9dda sp=0x0000008617ffea20
Event: 4042.525 Thread 0x00000284fc63b580 DEOPT UNPACKING pc=0x00000284874a4242 sp=0x0000008617ffdf38 mode 0
Event: 4249.794 Thread 0x00000284d5c30c00 Uncommon trap: trap_request=0xffffff45 fr.pc=0x0000028488a17548 relative=0x0000000000000188
Event: 4249.794 Thread 0x00000284d5c30c00 Uncommon trap: reason=unstable_if action=reinterpret pc=0x0000028488a17548 method=java.io.ObjectOutputStream$HandleTable.lookup(Ljava/lang/Object;)I @ 4 c2
Event: 4249.794 Thread 0x00000284d5c30c00 DEOPT PACKING pc=0x0000028488a17548 sp=0x0000008617dfe8d0
Event: 4249.794 Thread 0x00000284d5c30c00 DEOPT UNPACKING pc=0x00000284874a3aa2 sp=0x0000008617dfe860 mode 2

Classes loaded (20 events):
Event: 1568.471 Loading class java/util/stream/Nodes$CollectorTask done
Event: 1568.471 Loading class java/util/stream/Nodes$CollectorTask$OfRef done
Event: 1568.471 Loading class java/util/function/LongFunction
Event: 1568.471 Loading class java/util/function/LongFunction done
Event: 1568.471 Loading class java/util/stream/Nodes$ConcNode
Event: 1568.472 Loading class java/util/stream/Nodes$AbstractConcNode
Event: 1568.472 Loading class java/util/stream/Nodes$AbstractConcNode done
Event: 1568.472 Loading class java/util/stream/Nodes$ConcNode done
Event: 1568.495 Loading class java/io/ObjectOutputStream$BlockDataOutputStream
Event: 1568.496 Loading class java/io/ObjectOutputStream$BlockDataOutputStream done
Event: 1568.496 Loading class java/io/ObjectOutputStream$HandleTable
Event: 1568.496 Loading class java/io/ObjectOutputStream$HandleTable done
Event: 1568.496 Loading class java/io/ObjectOutputStream$ReplaceTable
Event: 1568.496 Loading class java/io/ObjectOutputStream$ReplaceTable done
Event: 3950.346 Loading class jdk/internal/module/IllegalAccessLogger
Event: 3950.346 Loading class jdk/internal/module/IllegalAccessLogger done
Event: 3961.426 Loading class jdk/internal/module/IllegalAccessLogger
Event: 3961.426 Loading class jdk/internal/module/IllegalAccessLogger done
Event: 4042.409 Loading class jdk/internal/module/IllegalAccessLogger
Event: 4042.409 Loading class jdk/internal/module/IllegalAccessLogger done

Classes unloaded (11 events):
Event: 24.465 Thread 0x00000284f38b0840 Unloading class 0x00000284901a8c00 'java/lang/invoke/LambdaForm$MH+0x00000284901a8c00'
Event: 24.465 Thread 0x00000284f38b0840 Unloading class 0x00000284901a8800 'java/lang/invoke/LambdaForm$MH+0x00000284901a8800'
Event: 24.465 Thread 0x00000284f38b0840 Unloading class 0x00000284901a8400 'java/lang/invoke/LambdaForm$MH+0x00000284901a8400'
Event: 24.465 Thread 0x00000284f38b0840 Unloading class 0x00000284901a8000 'java/lang/invoke/LambdaForm$MH+0x00000284901a8000'
Event: 24.465 Thread 0x00000284f38b0840 Unloading class 0x00000284901a7c00 'java/lang/invoke/LambdaForm$BMH+0x00000284901a7c00'
Event: 24.465 Thread 0x00000284f38b0840 Unloading class 0x00000284901a7800 'java/lang/invoke/LambdaForm$DMH+0x00000284901a7800'
Event: 24.465 Thread 0x00000284f38b0840 Unloading class 0x00000284901a6400 'java/lang/invoke/LambdaForm$DMH+0x00000284901a6400'
Event: 31.815 Thread 0x00000284f38b0840 Unloading class 0x000002849068d400 'java/lang/invoke/LambdaForm$DMH+0x000002849068d400'
Event: 31.815 Thread 0x00000284f38b0840 Unloading class 0x000002849068d000 'java/lang/invoke/LambdaForm$DMH+0x000002849068d000'
Event: 31.815 Thread 0x00000284f38b0840 Unloading class 0x000002849068c800 'java/lang/invoke/LambdaForm$DMH+0x000002849068c800'
Event: 31.815 Thread 0x00000284f38b0840 Unloading class 0x000002849068cc00 'java/lang/invoke/LambdaForm$DMH+0x000002849068cc00'

Classes redefined (0 events):
No events

Internal exceptions (20 events):
Event: 1300.849 Thread 0x00000284fc63b580 Exception <a 'sun/nio/fs/WindowsException'{0x00000000d57b9800}> (0x00000000d57b9800) 
thrown [s\src\hotspot\share\prims\jni.cpp, line 520]
Event: 1301.177 Thread 0x00000284fc63b580 Exception <a 'sun/nio/fs/WindowsException'{0x00000000d56fe6e0}> (0x00000000d56fe6e0) 
thrown [s\src\hotspot\share\prims\jni.cpp, line 520]
Event: 1363.549 Thread 0x00000284fc63b580 Exception <a 'sun/nio/fs/WindowsException'{0x00000000d56e3888}> (0x00000000d56e3888) 
thrown [s\src\hotspot\share\prims\jni.cpp, line 520]
Event: 1363.989 Thread 0x00000284fc63b580 Exception <a 'sun/nio/fs/WindowsException'{0x00000000d56c5818}> (0x00000000d56c5818) 
thrown [s\src\hotspot\share\prims\jni.cpp, line 520]
Event: 1568.487 Thread 0x00000284d7a14950 Exception <a 'sun/nio/fs/WindowsException'{0x00000000d58bbd20}> (0x00000000d58bbd20) 
thrown [s\src\hotspot\share\prims\jni.cpp, line 520]
Event: 1568.487 Thread 0x00000284d7a14950 Exception <a 'sun/nio/fs/WindowsException'{0x00000000d58bc870}> (0x00000000d58bc870) 
thrown [s\src\hotspot\share\prims\jni.cpp, line 520]
Event: 1568.488 Thread 0x00000284d7a14950 Implicit null exception at 0x000002848850e086 to 0x000002848850e404
Event: 1568.519 Thread 0x00000284d7a14950 Exception <a 'java/lang/NoSuchMethodError'{0x00000000d59a5a80}: static [J.<clinit>()V> (0x00000000d59a5a80) 
thrown [s\src\hotspot\share\prims\jni.cpp, line 1111]
Event: 1568.530 Thread 0x00000284d7a14950 Exception <a 'java/lang/NoSuchMethodError'{0x00000000d59e6118}: 'java.lang.Object java.lang.invoke.DirectMethodHandle$Holder.newInvokeSpecial(java.lang.Object, java.lang.Object, java.lang.Object, java.lang.Object, java.lang.Object, java.lang.Object, java.lang.Object, java.lang.Object)'> (0x00000000d59e6118) 
thrown [s\src\hotspot\share\interpreter\linkResolver.cpp, line 773]
Event: 1846.859 Thread 0x00000284d5c2eb30 Exception <a 'java/lang/IncompatibleClassChangeError'{0x00000000d59d87d8}: Found class java.lang.Object, but interface was expected> (0x00000000d59d87d8) 
thrown [s\src\hotspot\share\interpreter\linkResolver.cpp, line 840]
Event: 1846.911 Thread 0x00000284d5c2eb30 Implicit null exception at 0x00000284885715c8 to 0x0000028488572248
Event: 3950.072 Thread 0x00000284fc63b580 Exception <a 'sun/nio/fs/WindowsException'{0x00000000d55f0e80}> (0x00000000d55f0e80) 
thrown [s\src\hotspot\share\prims\jni.cpp, line 520]
Event: 3951.488 Thread 0x00000284fc63b580 Exception <a 'sun/nio/fs/WindowsException'{0x00000000d56fe6e0}> (0x00000000d56fe6e0) 
thrown [s\src\hotspot\share\prims\jni.cpp, line 520]
Event: 3960.840 Thread 0x00000284fc63b580 Implicit null exception at 0x00000284889c5adc to 0x00000284889c831c
Event: 3960.895 Thread 0x00000284fc63b580 Exception <a 'sun/nio/fs/WindowsException'{0x00000000d56248d0}> (0x00000000d56248d0) 
thrown [s\src\hotspot\share\prims\jni.cpp, line 520]
Event: 3961.519 Thread 0x00000284fc63b580 Exception <a 'sun/nio/fs/WindowsException'{0x00000000d55a53c0}> (0x00000000d55a53c0) 
thrown [s\src\hotspot\share\prims\jni.cpp, line 520]
Event: 4042.219 Thread 0x00000284fc63b580 Exception <a 'sun/nio/fs/WindowsException'{0x00000000d558b5b0}> (0x00000000d558b5b0) 
thrown [s\src\hotspot\share\prims\jni.cpp, line 520]
Event: 4042.522 Thread 0x00000284fc63b580 Exception <a 'sun/nio/fs/WindowsException'{0x00000000d559a0d0}> (0x00000000d559a0d0) 
thrown [s\src\hotspot\share\prims\jni.cpp, line 520]
Event: 4249.789 Thread 0x00000284d5c30c00 Exception <a 'sun/nio/fs/WindowsException'{0x00000000d5854d88}> (0x00000000d5854d88) 
thrown [s\src\hotspot\share\prims\jni.cpp, line 520]
Event: 4249.789 Thread 0x00000284d5c30c00 Exception <a 'sun/nio/fs/WindowsException'{0x00000000d58558e0}> (0x00000000d58558e0) 
thrown [s\src\hotspot\share\prims\jni.cpp, line 520]

ZGC Phase Switch (0 events):
No events

VM Operations (20 events):
Event: 4042.469 Executing VM operation: ParallelGCFailedAllocation (Allocation Failure)
Event: 4042.474 Executing VM operation: ParallelGCFailedAllocation (Allocation Failure) done
Event: 4042.488 Executing VM operation: ParallelGCFailedAllocation (Allocation Failure)
Event: 4042.492 Executing VM operation: ParallelGCFailedAllocation (Allocation Failure) done
Event: 4044.491 Executing VM operation: Cleanup
Event: 4044.491 Executing VM operation: Cleanup done
Event: 4088.369 Executing VM operation: HandshakeAllThreads (HandshakeForDeflation)
Event: 4088.369 Executing VM operation: HandshakeAllThreads (HandshakeForDeflation) done
Event: 4088.369 Executing VM operation: RendezvousGCThreads
Event: 4088.369 Executing VM operation: RendezvousGCThreads done
Event: 4249.953 Executing VM operation: ParallelGCFailedAllocation (Allocation Failure)
Event: 4249.956 Executing VM operation: ParallelGCFailedAllocation (Allocation Failure) done
Event: 4250.959 Executing VM operation: Cleanup
Event: 4250.959 Executing VM operation: Cleanup done
Event: 4268.735 Executing VM operation: HandshakeAllThreads (HandshakeForDeflation)
Event: 4268.735 Executing VM operation: HandshakeAllThreads (HandshakeForDeflation) done
Event: 4268.735 Executing VM operation: RendezvousGCThreads
Event: 4268.735 Executing VM operation: RendezvousGCThreads done
Event: 4677.486 Executing VM operation: Cleanup
Event: 4677.486 Executing VM operation: Cleanup done

Memory protections (0 events):
No events

Nmethod flushes (20 events):
Event: 31.839 Thread 0x00000284f38b0840 flushing  nmethod 0x000002848099ba90
Event: 31.839 Thread 0x00000284f38b0840 flushing  nmethod 0x00000284809a2190
Event: 31.839 Thread 0x00000284f38b0840 flushing  nmethod 0x00000284809b7890
Event: 31.839 Thread 0x00000284f38b0840 flushing  nmethod 0x00000284809b7e90
Event: 31.839 Thread 0x00000284f38b0840 flushing  nmethod 0x00000284809b8590
Event: 31.839 Thread 0x00000284f38b0840 flushing  nmethod 0x00000284809b8e10
Event: 31.839 Thread 0x00000284f38b0840 flushing  nmethod 0x00000284809bb510
Event: 31.839 Thread 0x00000284f38b0840 flushing  nmethod 0x00000284809ea690
Event: 31.839 Thread 0x00000284f38b0840 flushing  nmethod 0x00000284809ec610
Event: 31.839 Thread 0x00000284f38b0840 flushing  nmethod 0x00000284809fd290
Event: 31.839 Thread 0x00000284f38b0840 flushing osr nmethod 0x0000028480a15b10
Event: 31.839 Thread 0x00000284f38b0840 flushing osr nmethod 0x0000028480a16c10
Event: 31.839 Thread 0x00000284f38b0840 flushing  nmethod 0x0000028480a29b10
Event: 31.839 Thread 0x00000284f38b0840 flushing  nmethod 0x0000028480a9ff90
Event: 31.839 Thread 0x00000284f38b0840 flushing  nmethod 0x0000028480aa1190
Event: 31.839 Thread 0x00000284f38b0840 flushing  nmethod 0x0000028480ab5010
Event: 31.839 Thread 0x00000284f38b0840 flushing  nmethod 0x0000028480ac3b10
Event: 31.839 Thread 0x00000284f38b0840 flushing  nmethod 0x0000028480ad4690
Event: 31.839 Thread 0x00000284f38b0840 flushing  nmethod 0x0000028480aeb910
Event: 31.839 Thread 0x00000284f38b0840 flushing  nmethod 0x0000028480af3f10

Events (20 events):
Event: 4042.346 Thread 0x00000284d7a14950 Thread added: 0x00000284d5c30570
Event: 4042.410 Thread 0x00000284d7a14950 Thread added: 0x00000284d5c2de10
Event: 4042.424 Thread 0x00000284f38c81c0 Thread added: 0x00000284d7944030
Event: 4042.524 Thread 0x00000284d7a121f0 Thread added: 0x00000284d5c30c00
Event: 4047.533 Thread 0x00000284d7943960 Thread exited: 0x00000284d7943960
Event: 4047.586 Thread 0x00000284d7944030 Thread exited: 0x00000284d7944030
Event: 4102.445 Thread 0x00000284d5c2de10 Thread exited: 0x00000284d5c2de10
Event: 4102.540 Thread 0x00000284d7a14950 Thread exited: 0x00000284d7a14950
Event: 4249.779 Thread 0x00000284d5c30c00 Thread added: 0x00000284d5c2d780
Event: 4249.780 Thread 0x00000284d5c2d780 Thread exited: 0x00000284d5c2d780
Event: 4249.790 Thread 0x00000284d5c30c00 Thread added: 0x00000284d5c2d780
Event: 4249.791 Thread 0x00000284d5c2d780 Thread exited: 0x00000284d5c2d780
Event: 4249.799 Thread 0x00000284f38c81c0 Thread added: 0x00000284d7944dd0
Event: 4249.803 Thread 0x00000284f38c81c0 Thread added: 0x00000284d7941e20
Event: 4250.106 Thread 0x00000284d5c2eb30 Thread exited: 0x00000284d5c2eb30
Event: 4254.973 Thread 0x00000284d7941e20 Thread exited: 0x00000284d7941e20
Event: 4254.989 Thread 0x00000284d7944dd0 Thread exited: 0x00000284d7944dd0
Event: 4261.337 Thread 0x00000284d5c2f850 Thread exited: 0x00000284d5c2f850
Event: 4342.361 Thread 0x00000284d5c30570 Thread exited: 0x00000284d5c30570
Event: 4342.361 Thread 0x00000284d5c2fee0 Thread exited: 0x00000284d5c2fee0


Dynamic libraries:
0x00007ff654630000 - 0x00007ff65463e000 	c:\Users\Acer Nitro 5\.vscode\extensions\redhat.java-1.50.0-win32-x64\jre\21.0.9-win32-x86_64\bin\java.exe
0x00007ffe9e1e0000 - 0x00007ffe9e447000 	C:\WINDOWS\SYSTEM32\ntdll.dll
0x00007ffe9d2b0000 - 0x00007ffe9d379000 	C:\WINDOWS\System32\KERNEL32.DLL
0x00007ffe9b6e0000 - 0x00007ffe9bacf000 	C:\WINDOWS\System32\KERNELBASE.dll
0x00007ffe9b4e0000 - 0x00007ffe9b62b000 	C:\WINDOWS\System32\ucrtbase.dll
0x00007ffe7f8c0000 - 0x00007ffe7f8de000 	c:\Users\Acer Nitro 5\.vscode\extensions\redhat.java-1.50.0-win32-x64\jre\21.0.9-win32-x86_64\bin\VCRUNTIME140.dll
0x00007ffe7ce40000 - 0x00007ffe7ce58000 	c:\Users\Acer Nitro 5\.vscode\extensions\redhat.java-1.50.0-win32-x64\jre\21.0.9-win32-x86_64\bin\jli.dll
0x00007ffe9d6d0000 - 0x00007ffe9d895000 	C:\WINDOWS\System32\USER32.dll
0x00007ffe7cba0000 - 0x00007ffe7ce33000 	C:\WINDOWS\WinSxS\amd64_microsoft.windows.common-controls_6595b64144ccf1df_6.0.26100.7309_none_3e05feeae336a044\COMCTL32.dll
0x00007ffe9b330000 - 0x00007ffe9b357000 	C:\WINDOWS\System32\win32u.dll
0x00007ffe9c260000 - 0x00007ffe9c309000 	C:\WINDOWS\System32\msvcrt.dll
0x00007ffe9dff0000 - 0x00007ffe9e01b000 	C:\WINDOWS\System32\GDI32.dll
0x00007ffe9bdc0000 - 0x00007ffe9beec000 	C:\WINDOWS\System32\gdi32full.dll
0x00007ffe9bc50000 - 0x00007ffe9bcf3000 	C:\WINDOWS\System32\msvcp_win.dll
0x00007ffe9d670000 - 0x00007ffe9d6a1000 	C:\WINDOWS\System32\IMM32.DLL
0x00007ffe8f6a0000 - 0x00007ffe8f6ac000 	c:\Users\Acer Nitro 5\.vscode\extensions\redhat.java-1.50.0-win32-x64\jre\21.0.9-win32-x86_64\bin\vcruntime140_1.dll
0x00007ffe29e00000 - 0x00007ffe29e8d000 	c:\Users\Acer Nitro 5\.vscode\extensions\redhat.java-1.50.0-win32-x64\jre\21.0.9-win32-x86_64\bin\msvcp140.dll
0x00007ffe0a210000 - 0x00007ffe0afb0000 	c:\Users\Acer Nitro 5\.vscode\extensions\redhat.java-1.50.0-win32-x64\jre\21.0.9-win32-x86_64\bin\server\jvm.dll
0x00007ffe9d8b0000 - 0x00007ffe9d964000 	C:\WINDOWS\System32\ADVAPI32.dll
0x00007ffe9d5c0000 - 0x00007ffe9d666000 	C:\WINDOWS\System32\sechost.dll
0x00007ffe9e080000 - 0x00007ffe9e198000 	C:\WINDOWS\System32\RPCRT4.dll
0x00007ffe9c310000 - 0x00007ffe9c384000 	C:\WINDOWS\System32\WS2_32.dll
0x00007ffe99f60000 - 0x00007ffe99fbe000 	C:\WINDOWS\SYSTEM32\POWRPROF.dll
0x00007ffe8dd50000 - 0x00007ffe8dd85000 	C:\WINDOWS\SYSTEM32\WINMM.dll
0x00007ffe91100000 - 0x00007ffe9110b000 	C:\WINDOWS\SYSTEM32\VERSION.dll
0x00007ffe99f40000 - 0x00007ffe99f54000 	C:\WINDOWS\SYSTEM32\UMPDC.dll
0x00007ffe9a200000 - 0x00007ffe9a21b000 	C:\WINDOWS\SYSTEM32\kernel.appcore.dll
0x00007ffe8f640000 - 0x00007ffe8f64a000 	c:\Users\Acer Nitro 5\.vscode\extensions\redhat.java-1.50.0-win32-x64\jre\21.0.9-win32-x86_64\bin\jimage.dll
0x00007ffe989e0000 - 0x00007ffe98c22000 	C:\WINDOWS\SYSTEM32\DBGHELP.DLL
0x00007ffe9cd60000 - 0x00007ffe9d0e6000 	C:\WINDOWS\System32\combase.dll
0x00007ffe9bf90000 - 0x00007ffe9c066000 	C:\WINDOWS\System32\OLEAUT32.dll
0x00007ffe7e4a0000 - 0x00007ffe7e4dc000 	C:\WINDOWS\SYSTEM32\dbgcore.DLL
0x00007ffe9b630000 - 0x00007ffe9b6d5000 	C:\WINDOWS\System32\bcryptPrimitives.dll
0x00007ffe8f2c0000 - 0x00007ffe8f2cf000 	c:\Users\Acer Nitro 5\.vscode\extensions\redhat.java-1.50.0-win32-x64\jre\21.0.9-win32-x86_64\bin\instrument.dll
0x00007ffe7c790000 - 0x00007ffe7c7b0000 	c:\Users\Acer Nitro 5\.vscode\extensions\redhat.java-1.50.0-win32-x64\jre\21.0.9-win32-x86_64\bin\java.dll
0x00007ffe9c600000 - 0x00007ffe9cd53000 	C:\WINDOWS\System32\SHELL32.dll
0x00007ffe9bae0000 - 0x00007ffe9bc4a000 	C:\WINDOWS\System32\wintypes.dll
0x00007ffe98f90000 - 0x00007ffe997ee000 	C:\WINDOWS\SYSTEM32\windows.storage.dll
0x00007ffe9da60000 - 0x00007ffe9db54000 	C:\WINDOWS\System32\SHCORE.dll
0x00007ffe9d9f0000 - 0x00007ffe9da56000 	C:\WINDOWS\System32\shlwapi.dll
0x00007ffe9b250000 - 0x00007ffe9b279000 	C:\WINDOWS\SYSTEM32\profapi.dll
0x00007ffe7c760000 - 0x00007ffe7c778000 	c:\Users\Acer Nitro 5\.vscode\extensions\redhat.java-1.50.0-win32-x64\jre\21.0.9-win32-x86_64\bin\zip.dll
0x00007ffe7f9c0000 - 0x00007ffe7f9d0000 	C:\Users\Acer Nitro 5\.vscode\extensions\redhat.java-1.50.0-win32-x64\jre\21.0.9-win32-x86_64\bin\net.dll
0x00007ffe906b0000 - 0x00007ffe907d8000 	C:\WINDOWS\SYSTEM32\WINHTTP.dll
0x00007ffe9a770000 - 0x00007ffe9a7db000 	C:\WINDOWS\system32\mswsock.dll
0x00007ffe77680000 - 0x00007ffe77696000 	C:\Users\Acer Nitro 5\.vscode\extensions\redhat.java-1.50.0-win32-x64\jre\21.0.9-win32-x86_64\bin\nio.dll
0x00007ffe7eaa0000 - 0x00007ffe7eab0000 	c:\Users\Acer Nitro 5\.vscode\extensions\redhat.java-1.50.0-win32-x64\jre\21.0.9-win32-x86_64\bin\verify.dll
0x00007ffe2aaf0000 - 0x00007ffe2ab34000 	C:\Users\Acer Nitro 5\AppData\Roaming\Code\User\globalStorage\redhat.java\1.50.0\config_win\org.eclipse.equinox.launcher\org.eclipse.equinox.launcher.win32.win32.x86_64_1.2.1400.v20250801-0854\eclipse_11916.dll
0x00007ffe9d410000 - 0x00007ffe9d5a7000 	C:\WINDOWS\System32\ole32.dll
0x00007ffe9aa30000 - 0x00007ffe9aa4b000 	C:\WINDOWS\SYSTEM32\CRYPTSP.dll
0x00007ffe9a160000 - 0x00007ffe9a19a000 	C:\WINDOWS\system32\rsaenh.dll
0x00007ffe9a820000 - 0x00007ffe9a84b000 	C:\WINDOWS\SYSTEM32\USERENV.dll
0x00007ffe9b220000 - 0x00007ffe9b24a000 	C:\WINDOWS\SYSTEM32\bcrypt.dll
0x00007ffe9aa50000 - 0x00007ffe9aa5c000 	C:\WINDOWS\SYSTEM32\CRYPTBASE.dll
0x00007ffe99c30000 - 0x00007ffe99c64000 	C:\WINDOWS\SYSTEM32\IPHLPAPI.DLL
0x00007ffe9c070000 - 0x00007ffe9c07a000 	C:\WINDOWS\System32\NSI.dll
0x00007ffe27360000 - 0x00007ffe273a9000 	C:\Users\Acer Nitro 5\AppData\Local\Temp\jna--1005597222\jna7032230887916096757.dll
0x00007ffe9d8a0000 - 0x00007ffe9d8a8000 	C:\WINDOWS\System32\PSAPI.DLL
0x00007ffe903d0000 - 0x00007ffe903ee000 	C:\WINDOWS\SYSTEM32\dhcpcsvc6.DLL
0x00007ffe90350000 - 0x00007ffe90373000 	C:\WINDOWS\SYSTEM32\dhcpcsvc.DLL
0x00007ffe5d010000 - 0x00007ffe5d01e000 	C:\Users\Acer Nitro 5\.vscode\extensions\redhat.java-1.50.0-win32-x64\jre\21.0.9-win32-x86_64\bin\sunmscapi.dll
0x00007ffe9b360000 - 0x00007ffe9b4d7000 	C:\WINDOWS\System32\CRYPT32.dll
0x00007ffe9ac50000 - 0x00007ffe9ac80000 	C:\WINDOWS\SYSTEM32\ncrypt.dll
0x00007ffe9ac00000 - 0x00007ffe9ac3f000 	C:\WINDOWS\SYSTEM32\NTASN1.dll
0x00007ffe99d10000 - 0x00007ffe99e3c000 	C:\WINDOWS\SYSTEM32\DNSAPI.dll
0x00007ffe90e00000 - 0x00007ffe90e0b000 	C:\Windows\System32\rasadhlp.dll
0x00007ffe8e970000 - 0x00007ffe8e9f6000 	C:\WINDOWS\System32\fwpuclnt.dll
0x00007ffe5c020000 - 0x00007ffe5c029000 	C:\Users\Acer Nitro 5\.vscode\extensions\redhat.java-1.50.0-win32-x64\jre\21.0.9-win32-x86_64\bin\extnet.dll

JVMTI agents:
c:\Users\Acer Nitro 5\.vscode\extensions\redhat.java-1.50.0-win32-x64\lombok\lombok-1.18.39-4050.jar path:c:\Users\Acer Nitro 5\.vscode\extensions\redhat.java-1.50.0-win32-x64\jre\21.0.9-win32-x86_64\bin\instrument.dll, loaded, initialized, instrumentlib options:none

dbghelp: loaded successfully - version: 4.0.5 - missing functions: none
symbol engine: initialized successfully - sym options: 0x614 - pdb path: .;c:\Users\Acer Nitro 5\.vscode\extensions\redhat.java-1.50.0-win32-x64\jre\21.0.9-win32-x86_64\bin;C:\WINDOWS\SYSTEM32;C:\WINDOWS\WinSxS\amd64_microsoft.windows.common-controls_6595b64144ccf1df_6.0.26100.7309_none_3e05feeae336a044;c:\Users\Acer Nitro 5\.vscode\extensions\redhat.java-1.50.0-win32-x64\jre\21.0.9-win32-x86_64\bin\server;C:\Users\Acer Nitro 5\AppData\Roaming\Code\User\globalStorage\redhat.java\1.50.0\config_win\org.eclipse.equinox.launcher\org.eclipse.equinox.launcher.win32.win32.x86_64_1.2.1400.v20250801-0854;C:\Users\Acer Nitro 5\AppData\Local\Temp\jna--1005597222

VM Arguments:
jvm_args: --add-modules=ALL-SYSTEM --add-opens=java.base/java.util=ALL-UNNAMED --add-opens=java.base/java.lang=ALL-UNNAMED --add-opens=java.base/sun.nio.fs=ALL-UNNAMED -Declipse.application=org.eclipse.jdt.ls.core.id1 -Dosgi.bundles.defaultStartLevel=4 -Declipse.product=org.eclipse.jdt.ls.core.product -Djava.import.generatesMetadataFilesAtProjectRoot=false -DDetectVMInstallationsJob.disabled=true -Dfile.encoding=utf8 -XX:+UseParallelGC -XX:GCTimeRatio=4 -XX:AdaptiveSizePolicyWeight=90 -Dsun.zip.disableMemoryMapping=true -Xmx2G -Xms100m -Xlog:disable -javaagent:c:\Users\Acer Nitro 5\.vscode\extensions\redhat.java-1.50.0-win32-x64\lombok\lombok-1.18.39-4050.jar -XX:+HeapDumpOnOutOfMemoryError -XX:HeapDumpPath=c:\Users\Acer Nitro 5\AppData\Roaming\Code\User\workspaceStorage\41038acc8fe6cb380fddf6157652ccd0\redhat.java -Daether.dependencyCollector.impl=bf 
java_command: c:\Users\Acer Nitro 5\.vscode\extensions\redhat.java-1.50.0-win32-x64\server\plugins\org.eclipse.equinox.launcher_1.7.100.v20251111-0406.jar -configuration c:\Users\Acer Nitro 5\AppData\Roaming\Code\User\globalStorage\redhat.java\1.50.0\config_win -data c:\Users\Acer Nitro 5\AppData\Roaming\Code\User\workspaceStorage\41038acc8fe6cb380fddf6157652ccd0\redhat.java\jdt_ws --pipe=\\.\pipe\lsp-1e23474532b6b25de7c6b7cb1fbb50fd-sock
java_class_path (initial): c:\Users\Acer Nitro 5\.vscode\extensions\redhat.java-1.50.0-win32-x64\server\plugins\org.eclipse.equinox.launcher_1.7.100.v20251111-0406.jar
Launcher Type: SUN_STANDARD

[Global flags]
    uintx AdaptiveSizePolicyWeight                 = 90                                        {product} {command line}
     intx CICompilerCount                          = 12                                        {product} {ergonomic}
    uintx GCTimeRatio                              = 4                                         {product} {command line}
     bool HeapDumpOnOutOfMemoryError               = true                                   {manageable} {command line}
    ccstr HeapDumpPath                             = c:\Users\Acer Nitro 5\AppData\Roaming\Code\User\workspaceStorage\41038acc8fe6cb380fddf6157652ccd0\redhat.java         {manageable} {command line}
   size_t InitialHeapSize                          = 104857600                                 {product} {command line}
   size_t MaxHeapSize                              = 2147483648                                {product} {command line}
   size_t MaxNewSize                               = 715653120                                 {product} {ergonomic}
   size_t MinHeapDeltaBytes                        = 524288                                    {product} {ergonomic}
   size_t MinHeapSize                              = 104857600                                 {product} {command line}
   size_t NewSize                                  = 34603008                                  {product} {ergonomic}
    uintx NonNMethodCodeHeapSize                   = 7602480                                {pd product} {ergonomic}
    uintx NonProfiledCodeHeapSize                  = 122027880                              {pd product} {ergonomic}
   size_t OldSize                                  = 70254592                                  {product} {ergonomic}
    uintx ProfiledCodeHeapSize                     = 122027880                              {pd product} {ergonomic}
    uintx ReservedCodeCacheSize                    = 251658240                              {pd product} {ergonomic}
     bool SegmentedCodeCache                       = true                                      {product} {ergonomic}
   size_t SoftMaxHeapSize                          = 2147483648                             {manageable} {ergonomic}
     bool UseCompressedOops                        = true                           {product lp64_product} {ergonomic}
     bool UseLargePagesIndividualAllocation        = false                                  {pd product} {ergonomic}
     bool UseParallelGC                            = true                                      {product} {command line}

Logging:
Log output configuration:
 #0: stdout all=off uptime,level,tags foldmultilines=false
 #1: stderr all=off uptime,level,tags foldmultilines=false

Release file:
JAVA_VERSION="21.0.9" 
MODULES="java.base java.compiler java.datatransfer java.xml java.prefs java.desktop java.instrument java.logging java.management java.security.sasl java.naming java.rmi java.management.rmi java.net.http java.scripting java.security.jgss java.transaction.xa java.sql java.sql.rowset java.xml.crypto java.se java.smartcardio jdk.accessibility jdk.internal.jvmstat jdk.attach jdk.charsets jdk.internal.opt jdk.zipfs jdk.compiler jdk.crypto.ec jdk.crypto.cryptoki jdk.crypto.mscapi jdk.dynalink jdk.internal.ed jdk.editpad jdk.hotspot.agent jdk.httpserver jdk.internal.le jdk.internal.vm.ci jdk.internal.vm.compiler jdk.internal.vm.compiler.management jdk.jartool jdk.javadoc jdk.jcmd jdk.management jdk.management.agent jdk.jconsole jdk.jdeps jdk.jdwp.agent jdk.jdi jdk.jfr jdk.jshell jdk.jsobject jdk.jstatd jdk.localedata jdk.management.jfr jdk.naming.dns jdk.naming.rmi jdk.net jdk.nio.mapmode jdk.random jdk.sctp jdk.security.auth jdk.security.jgss jdk.unsupported jdk.unsupported.desktop jdk.xml.dom" 

Environment Variables:
JAVA_HOME=C:\Program Files\Java\jdk-23
PATH=C:\Users\Acer Nitro 5\AppData\Local\Programs\Python\Python311\Scripts;C:\Users\Acer Nitro 5\AppData\Local\Programs\Python\Python311;C:\apache-maven-3.9.9-bin\apache-maven-3.9.9\bin;C:\Program Files\Java\jdk-23\bin;C:\Program Files\Java\jdk-23\bin;C:\Program Files\Microsoft MPI\Bin\;C:\Program Files\Common Files\Oracle\Java\javapath;C:\Windows\system32;C:\Program Files\apache-maven-3.9.9-src\apache-maven-3.9.9\apache-maven\src\bin;C:\Windows;C:\Program Files\apache-maven-3.9.9-src\apache-maven-3.9.9\apache-maven\src\bin;C:\Windows\System32\Wbem;C:\Users\Acer Nitro 5\AppData\Local\nvm;C:\Windows\System32\WindowsPowerShell\v1.0\;C:\Windows\System32\OpenSSH\;C:\Program Files\Microsoft SQL Server\Client SDK\ODBC\170\Tools\Binn\;C:\Program Files\Azure Data Studio\bin;C:\Program Files (x86)\Microsoft SQL Server\160\Tools\Binn\;C:\Program Files\Microsoft SQL Server\160\Tools\Binn\;C:\Program Files\Microsoft SQL Server\160\DTS\Binn\;C:\Program Files\Git\cmd;C:\WINDOWS\system32;C:\WINDOWS;C:\WINDOWS\System32\Wbem;C:\WINDOWS\System32\WindowsPowerShell\v1.0\;C:\WINDOWS\System32\OpenSSH\;C:\Users\Acer Nitro 5\Downloads;C:\ProgramData\chocolatey\bin;C:\Program Files\OpenSSLWin64\bin;C:\Users\Acer Nitro 5\AppData\Local\nvm;C:\nvm4w\nodejs;C:\Program Files\nodejs\;C:\Program Files\NVIDIA Corporation\NVIDIA App\NvDLISR;C:\Program Files\dotnet\;C:\Program Files\cursor\resources\app\bin;C:\Users\Acer Nitro 5\AppData\Local\nvm;C:\Users\Acer Nitro 5\AppData\Roaming\npm;C:\Users\Acer Nitro 5\AppData\Local\Programs\Microsoft VS Code\bin;C:\Program Files\JetBrains\IntelliJ IDEA Community Edition 2025.2.4\bin
USERNAME=Acer Nitro 5
OS=Windows_NT
PROCESSOR_IDENTIFIER=Intel64 Family 6 Model 154 Stepping 3, GenuineIntel
TMP=C:\Users\ACERNI~1\AppData\Local\Temp
TEMP=C:\Users\ACERNI~1\AppData\Local\Temp




Periodic native trim disabled

---------------  S Y S T E M  ---------------

OS:
 Windows 11 , 64 bit Build 26100 (10.0.26100.7309)
OS uptime: 0 days 7:41 hours

CPU: total 16 (initial active 16) (8 cores per cpu, 2 threads per core) family 6 model 154 stepping 3 microcode 0x423, cx8, cmov, fxsr, ht, mmx, 3dnowpref, sse, sse2, sse3, ssse3, sse4.1, sse4.2, popcnt, lzcnt, tsc, tscinvbit, avx, avx2, aes, erms, clmul, bmi1, bmi2, adx, sha, fma, vzeroupper, clflush, clflushopt, clwb, serialize, rdtscp, rdpid, fsrm, f16c, pku, cet_ibt, cet_ss
Processor Information for processor 0
  Max Mhz: 3100, Current Mhz: 3100, Mhz Limit: 3100
Processor Information for processor 1
  Max Mhz: 3100, Current Mhz: 3100, Mhz Limit: 3100
Processor Information for processor 2
  Max Mhz: 3100, Current Mhz: 3100, Mhz Limit: 3100
Processor Information for processor 3
  Max Mhz: 3100, Current Mhz: 3100, Mhz Limit: 3100
Processor Information for processor 4
  Max Mhz: 3100, Current Mhz: 3100, Mhz Limit: 3100
Processor Information for processor 5
  Max Mhz: 3100, Current Mhz: 3100, Mhz Limit: 3100
Processor Information for processor 6
  Max Mhz: 3100, Current Mhz: 3100, Mhz Limit: 3100
Processor Information for processor 7
  Max Mhz: 3100, Current Mhz: 3100, Mhz Limit: 3100
Processor Information for processor 8
  Max Mhz: 3100, Current Mhz: 2232, Mhz Limit: 2232
Processor Information for processor 9
  Max Mhz: 3100, Current Mhz: 2232, Mhz Limit: 2232
Processor Information for processor 10
  Max Mhz: 3100, Current Mhz: 1488, Mhz Limit: 2232
Processor Information for processor 11
  Max Mhz: 3100, Current Mhz: 1488, Mhz Limit: 2232
Processor Information for processor 12
  Max Mhz: 3100, Current Mhz: 1488, Mhz Limit: 2232
Processor Information for processor 13
  Max Mhz: 3100, Current Mhz: 1488, Mhz Limit: 2232
Processor Information for processor 14
  Max Mhz: 3100, Current Mhz: 2232, Mhz Limit: 2232
Processor Information for processor 15
  Max Mhz: 3100, Current Mhz: 1488, Mhz Limit: 2232

Memory: 4k page, system-wide physical 16088M (1051M free)
TotalPageFile size 23780M (AvailPageFile size 3M)
current process WorkingSet (physical memory assigned to process): 411M, peak: 558M
current process commit charge ("private bytes"): 763M, peak: 765M

vm_info: OpenJDK 64-Bit Server VM (21.0.9+10-LTS) for windows-amd64 JRE (21.0.9+10-LTS), built on 2025-10-21T00:00:00Z by "admin" with unknown MS VC++:1942

END.
